mkdir: cannot create directory `plots_at_tev': File exists
mkdir: cannot create directory `plots_point': File exists
mkdir: cannot create directory `plots_extended': File exists
pas trouve le fichier yaml SED : HESS_J1912+101
pas trouve le fichier yaml SED : MGRO_J2031+41
Westerlund_2
IC_443
pas de pulsar a traiter
HESS_J1825-137
0FGL_J1900.0+0356
pas de pulsar a traiter
Kookaburra_Rabbit
HESS_J1923+141
pas de pulsar a traiter
IGR_J18490-0000
pas de pulsar a traiter
HESS_J1741-302
pas de pulsar a traiter
CTA_1
PWN_SNR_G15.4+0.1
pas de pulsar a traiter
G54.1+0.3
pas de pulsar a traiter
HESS_J1837-069
pas de pulsar a traiter
Tycho
pas de pulsar a traiter
TeV_J1959+208
Vela_Region
HESS_J1640-465
pas de pulsar a traiter
HESS_J1912+101
pas de pulsar a traiter
RX_J0852.0-4622
pas de pulsar a traiter
W49A
pas de pulsar a traiter
HESS_J1018-589
HESS_J1702-420
HESS_J1813-178
pas de pulsar a traiter
HESS_J1303-631
pas de pulsar a traiter
TeV_J2019+407
pas de pulsar a traiter
HESS_J1833-105
HESS_J1718-385
HESS_J1858+020
pas de pulsar a traiter
RX_J1713.7-3946
pas de pulsar a traiter
Boomerang
HESS_J1503-582
pas de pulsar a traiter
G106.3+2.7
HESS_J1834-087
pas de pulsar a traiter
HESS_J1632-478
pas de pulsar a traiter
HESS_J1614-518
pas de pulsar a traiter
HESS_J1626-490
pas de pulsar a traiter
CTB_37A
pas de pulsar a traiter
CTB_37B
pas de pulsar a traiter
0FGL_J2021.5+4026
HESS_J1841-055
pas de pulsar a traiter
HESS_J1708-443
G0.9+0.1
pas de pulsar a traiter
SNR_G65.1+0.6
HESS_J1804-216
HESS_J1846-029
pas de pulsar a traiter
MGRO_J2031+41
pas de pulsar a traiter
MSH_15_52
0FGL_J1844.1-0335
pas de pulsar a traiter
HESS_J1832-093
pas de pulsar a traiter
HESS_J1857+026
pas de pulsar a traiter
Cassiopeia_A
pas de pulsar a traiter
HESS_J1507-622
pas de pulsar a traiter
TeV_J2016+372
pas de pulsar a traiter
HESS_J1356-645
TeV_J2032+4130
SN_1006_NE
pas de pulsar a traiter
HESS_J1745-303
pas de pulsar a traiter
HESS_J1427-608
pas de pulsar a traiter
SN_1006_SW
pas de pulsar a traiter
HESS_J1848-018
pas de pulsar a traiter
0FGL_J0631.8+1034
PWN_SNR_G327.1-1.1
pas de pulsar a traiter
W28C
pas de pulsar a traiter
HESS_J1731-347
HESS_J1634-472
pas de pulsar a traiter
G292.2-0.5
G318.2+0.1
pas de pulsar a traiter
Geminga
pas de pulsar a traiter
Kookaburra
HESS_J1809-193
pas de pulsar a traiter
HESS_J1616-508
MGRO_J2019+37
W49B
pas de pulsar a traiter
MAGIC_J0223+403
pas de pulsar a traiter
W28B
pas de pulsar a traiter
TeV_J1907+062
W28A
pas de pulsar a traiter
HESS_J1026-582
HESS_J1831-098
pas de pulsar a traiter
RCW_86
pas de pulsar a traiter
HESS_J1729-345
pas de pulsar a traiter
HESS_J1843-033
pas de pulsar a traiter
0FGL_J1958.1+2848
pas trouve le fichier yaml SED : HESS_J1846-029
Westerlund_2
IC_443
pas de pulsar a traiter
HESS_J1825-137
0FGL_J1900.0+0356
pas de pulsar a traiter
Kookaburra_Rabbit
HESS_J1923+141
pas de pulsar a traiter
IGR_J18490-0000
pas de pulsar a traiter
HESS_J1741-302
pas de pulsar a traiter
CTA_1
PWN_SNR_G15.4+0.1
pas de pulsar a traiter
G54.1+0.3
pas de pulsar a traiter
HESS_J1837-069
pas de pulsar a traiter
Tycho
pas de pulsar a traiter
TeV_J1959+208
Vela_Region
HESS_J1640-465
pas de pulsar a traiter
HESS_J1912+101
pas de pulsar a traiter
RX_J0852.0-4622
pas de pulsar a traiter
W49A
pas de pulsar a traiter
HESS_J1018-589
HESS_J1702-420
HESS_J1813-178
pas de pulsar a traiter
HESS_J1303-631
pas de pulsar a traiter
TeV_J2019+407
pas de pulsar a traiter
HESS_J1833-105
HESS_J1718-385
HESS_J1858+020
pas de pulsar a traiter
RX_J1713.7-3946
pas de pulsar a traiter
Boomerang
HESS_J1503-582
pas de pulsar a traiter
G106.3+2.7
HESS_J1834-087
pas de pulsar a traiter
HESS_J1632-478
pas de pulsar a traiter
HESS_J1614-518
pas de pulsar a traiter
HESS_J1626-490
pas de pulsar a traiter
CTB_37A
pas de pulsar a traiter
CTB_37B
pas de pulsar a traiter
0FGL_J2021.5+4026
HESS_J1841-055
pas de pulsar a traiter
HESS_J1708-443
G0.9+0.1
pas de pulsar a traiter
SNR_G65.1+0.6
HESS_J1804-216
HESS_J1846-029
pas de pulsar a traiter
MGRO_J2031+41
pas de pulsar a traiter
MSH_15_52
0FGL_J1844.1-0335
pas de pulsar a traiter
HESS_J1832-093
pas de pulsar a traiter
HESS_J1857+026
pas de pulsar a traiter
Cassiopeia_A
pas de pulsar a traiter
HESS_J1507-622
pas de pulsar a traiter
TeV_J2016+372
pas de pulsar a traiter
HESS_J1356-645
TeV_J2032+4130
SN_1006_NE
pas de pulsar a traiter
HESS_J1745-303
pas de pulsar a traiter
HESS_J1427-608
pas de pulsar a traiter
SN_1006_SW
pas de pulsar a traiter
HESS_J1848-018
pas de pulsar a traiter
0FGL_J0631.8+1034
PWN_SNR_G327.1-1.1
pas de pulsar a traiter
W28C
pas de pulsar a traiter
HESS_J1731-347
HESS_J1634-472
pas de pulsar a traiter
G292.2-0.5
G318.2+0.1
pas de pulsar a traiter
Geminga
pas de pulsar a traiter
Kookaburra
HESS_J1809-193
pas de pulsar a traiter
HESS_J1616-508
MGRO_J2019+37
W49B
pas de pulsar a traiter
MAGIC_J0223+403
pas de pulsar a traiter
W28B
pas de pulsar a traiter
TeV_J1907+062
W28A
pas de pulsar a traiter
HESS_J1026-582
HESS_J1831-098
pas de pulsar a traiter
RCW_86
pas de pulsar a traiter
HESS_J1729-345
pas de pulsar a traiter
HESS_J1843-033
pas de pulsar a traiter
0FGL_J1958.1+2848
pas trouve le fichier yaml SED : Westerlund_2
pas trouve le fichier yaml SED : HESS_J1846-029
pas trouve le fichier yaml SED : HESS_J1831-098
Westerlund_2
IC_443
pas de pulsar a traiter
HESS_J1825-137
0FGL_J1900.0+0356
pas de pulsar a traiter
Kookaburra_Rabbit
HESS_J1923+141
pas de pulsar a traiter
IGR_J18490-0000
pas de pulsar a traiter
HESS_J1741-302
pas de pulsar a traiter
CTA_1
PWN_SNR_G15.4+0.1
pas de pulsar a traiter
G54.1+0.3
pas de pulsar a traiter
HESS_J1837-069
pas de pulsar a traiter
Tycho
pas de pulsar a traiter
TeV_J1959+208
Vela_Region
HESS_J1640-465
pas de pulsar a traiter
HESS_J1912+101
pas de pulsar a traiter
RX_J0852.0-4622
pas de pulsar a traiter
W49A
pas de pulsar a traiter
HESS_J1018-589
HESS_J1702-420
HESS_J1813-178
pas de pulsar a traiter
HESS_J1303-631
pas de pulsar a traiter
TeV_J2019+407
pas de pulsar a traiter
HESS_J1833-105
HESS_J1718-385
HESS_J1858+020
pas de pulsar a traiter
RX_J1713.7-3946
pas de pulsar a traiter
Boomerang
HESS_J1503-582
pas de pulsar a traiter
G106.3+2.7
HESS_J1834-087
pas de pulsar a traiter
HESS_J1632-478
pas de pulsar a traiter
HESS_J1614-518
pas de pulsar a traiter
HESS_J1626-490
pas de pulsar a traiter
CTB_37A
pas de pulsar a traiter
CTB_37B
pas de pulsar a traiter
0FGL_J2021.5+4026
HESS_J1841-055
pas de pulsar a traiter
HESS_J1708-443
G0.9+0.1
pas de pulsar a traiter
SNR_G65.1+0.6
HESS_J1804-216
HESS_J1846-029
pas de pulsar a traiter
MGRO_J2031+41
pas de pulsar a traiter
MSH_15_52
0FGL_J1844.1-0335
pas de pulsar a traiter
HESS_J1832-093
pas de pulsar a traiter
HESS_J1857+026
pas de pulsar a traiter
Cassiopeia_A
pas de pulsar a traiter
HESS_J1507-622
pas de pulsar a traiter
TeV_J2016+372
pas de pulsar a traiter
HESS_J1356-645
TeV_J2032+4130
SN_1006_NE
pas de pulsar a traiter
HESS_J1745-303
pas de pulsar a traiter
HESS_J1427-608
pas de pulsar a traiter
SN_1006_SW
pas de pulsar a traiter
HESS_J1848-018
pas de pulsar a traiter
0FGL_J0631.8+1034
PWN_SNR_G327.1-1.1
pas de pulsar a traiter
W28C
pas de pulsar a traiter
HESS_J1731-347
HESS_J1634-472
pas de pulsar a traiter
G292.2-0.5
G318.2+0.1
pas de pulsar a traiter
Geminga
pas de pulsar a traiter
Kookaburra
HESS_J1809-193
pas de pulsar a traiter
HESS_J1616-508
MGRO_J2019+37
W49B
pas de pulsar a traiter
MAGIC_J0223+403
pas de pulsar a traiter
W28B
pas de pulsar a traiter
TeV_J1907+062
W28A
pas de pulsar a traiter
HESS_J1026-582
HESS_J1831-098
pas de pulsar a traiter
RCW_86
pas de pulsar a traiter
HESS_J1729-345
pas de pulsar a traiter
HESS_J1843-033
pas de pulsar a traiter
0FGL_J1958.1+2848

------------------------------------------------------------
Sender: LSF System <lsf@hequ0018>
Subject: Job 263119: <plot> Done

Job <plot> was submitted from host <noric04> by user <rousseau>.
Job was executed on host(s) <hequ0018>, in queue <xxl>, as user <rousseau>.
</u/gl/rousseau> was used as the home directory.
</nfs/farm/g/glast/u54/rousseau/svn/trunk/pwncatalog/TeV_sources_scripts/TeV_super_file> was used as the working directory.
Started at Thu Apr 12 01:02:47 2012
Results reported at Thu Apr 12 01:05:13 2012

Your job looked like:

------------------------------------------------------------
# LSBATCH: User input
python prog_test.py
------------------------------------------------------------

Successfully completed.

Resource usage summary:

    CPU time   :    117.56 sec.
    Max Memory :       101 MB
    Max Swap   :       382 MB

    Max Processes  :         3
    Max Threads    :         3

The output (if any) is above this job summary.

