This is pdfeTeX, Version 3.141592-1.21a-2.2 (Web2C 7.5.4) (format=latex 2010.10.25)  16 OCT 2012 09:26
entering extended mode
**tevcat.tex
(./tevcat.tex
LaTeX2e <2003/12/01>
Babel <v3.8d> and hyphenation patterns for american, french, german, ngerman, b
ahasa, basque, bulgarian, catalan, croatian, czech, danish, dutch, esperanto, e
stonian, finnish, greek, icelandic, irish, italian, latin, magyar, norsk, polis
h, portuges, romanian, russian, serbian, slovak, slovene, spanish, swedish, tur
kish, ukrainian, nohyphenation, loaded.
(./aastex.cls
Document Class: aastex 2005/06/22 5.2/AAS markup document class
Class aastex Info: Original \LaTeX2.09 style by Chris Biemesderfer (chris@seago
at.com). Adapted to \LaTeXe by A. Ogawa (ogawa@teleport.com) on input line 83.

(/afs/slac.stanford.edu/package/tww/9.0/@sys/TWWfsw/tetex30p/texmf/tex/latex/ba
se/article.cls
Document Class: article 2004/02/16 v1.4f Standard LaTeX document class

(/afs/slac.stanford.edu/package/tww/9.0/@sys/TWWfsw/tetex30p/texmf/tex/latex/ba
se/size12.clo
File: size12.clo 2004/02/16 v1.4f Standard LaTeX file (size option)
)
\c@part=\count79
\c@section=\count80
\c@subsection=\count81
\c@subsubsection=\count82
\c@paragraph=\count83
\c@subparagraph=\count84
\c@figure=\count85
\c@table=\count86
\abovecaptionskip=\skip41
\belowcaptionskip=\skip42
\bibindent=\dimen102
)
(/afs/slac.stanford.edu/package/tww/9.0/@sys/TWWfsw/tetex30p/texmf/tex/latex/ba
se/latexsym.sty
Package: latexsym 1998/08/17 v2.2e Standard LaTeX package (lasy symbols)
\symlasy=\mathgroup4
LaTeX Font Info:    Overwriting symbol font `lasy' in version `bold'
(Font)                  U/lasy/m/n --> U/lasy/b/n on input line 47.
)
(/afs/slac.stanford.edu/package/tww/9.0/@sys/TWWfsw/tetex30p/texmf/tex/latex/gr
aphics/graphicx.sty
Package: graphicx 1999/02/16 v1.0f Enhanced LaTeX Graphics (DPC,SPQR)

(/afs/slac.stanford.edu/package/tww/9.0/@sys/TWWfsw/tetex30p/texmf/tex/latex/gr
aphics/keyval.sty
Package: keyval 1999/03/16 v1.13 key=value parser (DPC)
\KV@toks@=\toks14
)
(/afs/slac.stanford.edu/package/tww/9.0/@sys/TWWfsw/tetex30p/texmf/tex/latex/gr
aphics/graphics.sty
Package: graphics 2001/07/07 v1.0n Standard LaTeX Graphics (DPC,SPQR)

(/afs/slac.stanford.edu/package/tww/9.0/@sys/TWWfsw/tetex30p/texmf/tex/latex/gr
aphics/trig.sty
Package: trig 1999/03/16 v1.09 sin cos tan (DPC)
)
(/afs/slac.stanford.edu/package/tww/9.0/@sys/TWWfsw/tetex30p/texmf/tex/latex/gr
aphics/graphics.cfg
File: graphics.cfg 2005/02/03 v1.3 graphics configuration of teTeX/TeXLive
)
Package graphics Info: Driver file: dvips.def on input line 80.

(/afs/slac.stanford.edu/package/tww/9.0/@sys/TWWfsw/tetex30p/texmf/tex/latex/gr
aphics/dvips.def
File: dvips.def 1999/02/16 v3.0i Driver-dependant file (DPC,SPQR)
))
\Gin@req@height=\dimen103
\Gin@req@width=\dimen104
)
(/afs/slac.stanford.edu/package/tww/9.0/@sys/TWWfsw/tetex30p/texmf/tex/latex/am
sfonts/amssymb.sty
Package: amssymb 2002/01/22 v2.2d

(/afs/slac.stanford.edu/package/tww/9.0/@sys/TWWfsw/tetex30p/texmf/tex/latex/am
sfonts/amsfonts.sty
Package: amsfonts 2001/10/25 v2.2f
\@emptytoks=\toks15
\symAMSa=\mathgroup5
\symAMSb=\mathgroup6
LaTeX Font Info:    Overwriting math alphabet `\mathfrak' in version `bold'
(Font)                  U/euf/m/n --> U/euf/b/n on input line 132.
))
(/afs/slac.stanford.edu/package/tww/9.0/@sys/TWWfsw/tetex30p/texmf/tex/latex/na
tbib/natbib.sty
Package: natbib 2003/06/06 7.1 (PWD)
\bibhang=\skip43
\bibsep=\skip44
LaTeX Info: Redefining \cite on input line 518.
\c@NAT@ctr=\count87
)
(/afs/slac.stanford.edu/package/tww/9.0/@sys/TWWfsw/tetex30p/texmf/tex/latex/to
ols/verbatim.sty
Package: verbatim 2003/08/22 v1.5q LaTeX2e package for verbatim enhancements
\every@verbatim=\toks16
\verbatim@line=\toks17
\verbatim@in@stream=\read1
)
\@slugcmmntwidth=\dimen105
\abstract@box=\box26
\c@editornote=\count88
\c@cureqno=\count89
\tnotemarkskip=\skip45
\@abovenoteskip=\dimen106
\pt@box=\box27
\pt@width=\dimen107
\pt@line=\count90
\pt@column=\count91
\pt@nlines=\count92
\pt@ncol=\count93
\pt@page=\count94
\tabbaseskip=\dimen108
\pt@tmpcapwidth=\dimen109
\spew@tblnotesbox=\box28
\restof@tblnotesbox=\box29
\noteheight=\dimen110
\pt@tabnoteminht=\dimen111
\firsttabskip=\dimen112
\captionbox=\box30
\pt@reduceline=\dimen113
\extra@vspace=\dimen114
\c@plate=\count95
\my@footins=\box31
)
(/afs/slac.stanford.edu/package/tww/9.0/@sys/TWWfsw/tetex30p/texmf/tex/latex/li
neno/lineno.sty
Package: lineno 2005/01/10 line numbers on paragraphs v4.1c
\linenopenalty=\count96
\output=\toks18
\linenoprevgraf=\count97
\linenumbersep=\dimen115
\linenumberwidth=\dimen116
\c@linenumber=\count98
\c@pagewiselinenumber=\count99
\n@LN@truepage=\count100
\c@linenumbermodulo=\count101
\c@internallinenumber=\count102
\c@internallinenumbers=\count103
\quotelinenumbersep=\dimen117
\bframerule=\dimen118
\bframesep=\dimen119
\bframebox=\box32
LaTeX Info: Redefining \\ on input line 2405.
)
(/afs/slac.stanford.edu/package/tww/9.0/@sys/TWWfsw/tetex30p/texmf/tex/latex/gr
aphics/lscape.sty
Package: lscape 2000/10/22 v3.01 Landscape Pages (DPC)
)
(/afs/slac.stanford.edu/package/tww/9.0/@sys/TWWfsw/tetex30p/texmf/tex/latex/am
smath/amsmath.sty
Package: amsmath 2000/07/18 v2.13 AMS math features
\@mathmargin=\skip46

For additional information on amsmath, use the `?' option.

(/afs/slac.stanford.edu/package/tww/9.0/@sys/TWWfsw/tetex30p/texmf/tex/latex/am
smath/amstext.sty
Package: amstext 2000/06/29 v2.01

(/afs/slac.stanford.edu/package/tww/9.0/@sys/TWWfsw/tetex30p/texmf/tex/latex/am
smath/amsgen.sty
File: amsgen.sty 1999/11/30 v2.0
\@emptytoks=\toks19
\ex@=\dimen120
))
(/afs/slac.stanford.edu/package/tww/9.0/@sys/TWWfsw/tetex30p/texmf/tex/latex/am
smath/amsbsy.sty
Package: amsbsy 1999/11/29 v1.2d
\pmbraise@=\dimen121
)
(/afs/slac.stanford.edu/package/tww/9.0/@sys/TWWfsw/tetex30p/texmf/tex/latex/am
smath/amsopn.sty
Package: amsopn 1999/12/14 v2.01 operator names
)
\inf@bad=\count104
LaTeX Info: Redefining \frac on input line 211.
\uproot@=\count105
\leftroot@=\count106
LaTeX Info: Redefining \overline on input line 307.
\classnum@=\count107
\DOTSCASE@=\count108
LaTeX Info: Redefining \ldots on input line 379.
LaTeX Info: Redefining \dots on input line 382.
LaTeX Info: Redefining \cdots on input line 467.
\Mathstrutbox@=\box33
\strutbox@=\box34
\big@size=\dimen122
LaTeX Font Info:    Redeclaring font encoding OML on input line 567.
LaTeX Font Info:    Redeclaring font encoding OMS on input line 568.
\macc@depth=\count109
\c@MaxMatrixCols=\count110
\dotsspace@=\muskip10
\c@parentequation=\count111
\dspbrk@lvl=\count112
\tag@help=\toks20
\row@=\count113
\column@=\count114
\maxfields@=\count115
\andhelp@=\toks21
\eqnshift@=\dimen123
\alignsep@=\dimen124
\tagshift@=\dimen125
\tagwidth@=\dimen126
\totwidth@=\dimen127
\lineht@=\dimen128
\@envbody=\toks22
\multlinegap=\skip47
\multlinetaggap=\skip48
\mathdisplay@stack=\toks23
LaTeX Info: Redefining \[ on input line 2666.
LaTeX Info: Redefining \] on input line 2667.
)
(/afs/slac.stanford.edu/package/tww/9.0/@sys/TWWfsw/tetex30p/texmf/tex/latex/gr
aphics/color.sty
Package: color 1999/02/16 v1.0i Standard LaTeX Color (DPC)

(/afs/slac.stanford.edu/package/tww/9.0/@sys/TWWfsw/tetex30p/texmf/tex/latex/gr
aphics/color.cfg
File: color.cfg 2005/02/03 v1.3 color configuration of teTeX/TeXLive
)
Package color Info: Driver file: dvips.def on input line 125.

(/afs/slac.stanford.edu/package/tww/9.0/@sys/TWWfsw/tetex30p/texmf/tex/latex/gr
aphics/dvipsnam.def
File: dvipsnam.def 1999/02/16 v3.0i Driver-dependant file (DPC,SPQR)
))
(/afs/slac.stanford.edu/package/tww/9.0/@sys/TWWfsw/tetex30p/texmf/tex/latex/ur
l/url.sty
\Urlmuskip=\muskip11
Package: url 2004/03/15  ver 3.1  Verb mode for urls, etc.
)
(/afs/slac.stanford.edu/package/tww/9.0/@sys/TWWfsw/tetex30p/texmf/tex/latex/su
bfigure/subfigure.sty
Package: subfigure 2002/07/30 v2.1.4 subfigure package
\subfigtopskip=\skip49
\subfigcapskip=\skip50
\subfigcaptopadj=\dimen129
\subfigbottomskip=\skip51
\subfigcapmargin=\dimen130
\subfiglabelskip=\skip52
\c@subfigure=\count116
\c@lofdepth=\count117
\c@subtable=\count118
\c@lotdepth=\count119

****************************************
* Local config file subfigure.cfg used *
****************************************

(/afs/slac.stanford.edu/package/tww/9.0/@sys/TWWfsw/tetex30p/texmf/tex/latex/su
bfigure/subfigure.cfg)
\subfig@top=\skip53
\subfig@bottom=\skip54
)
(/afs/slac.stanford.edu/package/tww/9.0/@sys/TWWfsw/tetex30p/texmf/tex/latex/en
umitem/enumitem.sty
Package: enumitem 2004/07/19 v1.0 Customized lists
\labelindent=\skip55
\enit@outerparindent=\dimen131
)
(/afs/slac.stanford.edu/package/tww/9.0/@sys/TWWfsw/tetex30p/texmf/tex/latex/hy
perref/hyperref.sty
Package: hyperref 2003/11/30 v6.74m Hypertext links for LaTeX
\@linkdim=\dimen132
\Hy@linkcounter=\count120
\Hy@pagecounter=\count121

(/afs/slac.stanford.edu/package/tww/9.0/@sys/TWWfsw/tetex30p/texmf/tex/latex/hy
perref/pd1enc.def
File: pd1enc.def 2003/11/30 v6.74m Hyperref: PDFDocEncoding definition (HO)
)
(/afs/slac.stanford.edu/package/tww/9.0/@sys/TWWfsw/tetex30p/texmf/tex/latex/hy
perref/hyperref.cfg
File: hyperref.cfg 2002/06/06 v1.2 hyperref configuration of TeXLive and teTeX
)
Package hyperref Info: Hyper figures OFF on input line 1880.
Package hyperref Info: Link nesting OFF on input line 1885.
Package hyperref Info: Hyper index ON on input line 1888.
Package hyperref Info: Plain pages ON on input line 1893.
Package hyperref Info: Backreferencing OFF on input line 1900.

Implicit mode ON; LaTeX internals redefined
Package hyperref Info: Bookmarks ON on input line 2004.
LaTeX Info: Redefining \url on input line 2143.
\Fld@menulength=\count122
\Field@Width=\dimen133
\Fld@charsize=\dimen134
\Choice@toks=\toks24
\Field@toks=\toks25
Package hyperref Info: Hyper figures OFF on input line 2618.
Package hyperref Info: Link nesting OFF on input line 2623.
Package hyperref Info: Hyper index ON on input line 2626.
Package hyperref Info: backreferencing OFF on input line 2633.
Package hyperref Info: Link coloring OFF on input line 2638.
\c@Item=\count123
\c@Hfootnote=\count124
)
*hyperref using default driver hdvips*

(/afs/slac.stanford.edu/package/tww/9.0/@sys/TWWfsw/tetex30p/texmf/tex/latex/hy
perref/hdvips.def
File: hdvips.def 2003/11/30 v6.74m Hyperref driver for dvips

(/afs/slac.stanford.edu/package/tww/9.0/@sys/TWWfsw/tetex30p/texmf/tex/latex/hy
perref/pdfmark.def
File: pdfmark.def 2003/11/30 v6.74m Hyperref definitions for pdfmark specials
\pdf@docset=\toks26
\pdf@box=\box35
\pdf@toks=\toks27
\pdf@defaulttoks=\toks28
\Fld@listcount=\count125
\@outlinefile=\write3
))

! LaTeX Error: File `todonotes.sty' not found.

Type X to quit or <RETURN> to proceed,
or enter new name. (Default extension: sty)

Enter file name: 
(./style/style.tex
(/afs/slac.stanford.edu/package/tww/9.0/@sys/TWWfsw/tetex30p/texmf/tex/latex/to
ols/xspace.sty
Package: xspace 1997/10/13 v1.06 Space after command names (DPC)
)) (./tevcat.aux)
\openout1 = `tevcat.aux'.

LaTeX Font Info:    Checking defaults for OML/cmm/m/it on input line 34.
LaTeX Font Info:    ... okay on input line 34.
LaTeX Font Info:    Checking defaults for T1/cmr/m/n on input line 34.
LaTeX Font Info:    ... okay on input line 34.
LaTeX Font Info:    Checking defaults for OT1/cmr/m/n on input line 34.
LaTeX Font Info:    ... okay on input line 34.
LaTeX Font Info:    Checking defaults for OMS/cmsy/m/n on input line 34.
LaTeX Font Info:    ... okay on input line 34.
LaTeX Font Info:    Checking defaults for OMX/cmex/m/n on input line 34.
LaTeX Font Info:    ... okay on input line 34.
LaTeX Font Info:    Checking defaults for U/cmr/m/n on input line 34.
LaTeX Font Info:    ... okay on input line 34.
LaTeX Font Info:    Checking defaults for PD1/pdf/m/n on input line 34.
LaTeX Font Info:    ... okay on input line 34.

AAS preprint substyle, v5.2 <12 Dec 2003>.
Package hyperref Info: Link coloring OFF on input line 34.

(/afs/slac.stanford.edu/package/tww/9.0/@sys/TWWfsw/tetex30p/texmf/tex/latex/hy
perref/nameref.sty
Package: nameref 2003/12/03 v2.21 Cross-referencing by name of section
\c@section@level=\count126
)
LaTeX Info: Redefining \ref on input line 34.
LaTeX Info: Redefining \pageref on input line 34.
 (./tevcat.out) (./tevcat.out)
\openout3 = `tevcat.out'.

 (./sections/authors.tex)
(./sections/abstract.tex
LaTeX Font Info:    Try loading font information for U+lasy on input line 1.

(/afs/slac.stanford.edu/package/tww/9.0/@sys/TWWfsw/tetex30p/texmf/tex/latex/ba
se/ulasy.fd
File: ulasy.fd 1998/08/17 v2.2e LaTeX symbol font definitions
)
LaTeX Font Info:    Try loading font information for U+msa on input line 1.

(/afs/slac.stanford.edu/package/tww/9.0/@sys/TWWfsw/tetex30p/texmf/tex/latex/am
sfonts/umsa.fd
File: umsa.fd 2002/01/19 v2.2g AMS font definitions
)
LaTeX Font Info:    Try loading font information for U+msb on input line 1.

(/afs/slac.stanford.edu/package/tww/9.0/@sys/TWWfsw/tetex30p/texmf/tex/latex/am
sfonts/umsb.fd
File: umsb.fd 2002/01/19 v2.2g AMS font definitions
)) (./sections/introduction.tex [1

] [2])
(./sections/lat_description_and_observations.tex)
(./sections/build_the_candidate_list.tex [3]) (./sections/method.tex [4]
[5] [6] [7]
LaTeX Font Info:    Try loading font information for OMS+cmr on input line 109.


(/afs/slac.stanford.edu/package/tww/9.0/@sys/TWWfsw/tetex30p/texmf/tex/latex/ba
se/omscmr.fd
File: omscmr.fd 1999/05/25 v2.5h Standard LaTeX font definitions
)
LaTeX Font Info:    Font shape `OMS/cmr/m/n' in size <12> not available
(Font)              Font shape `OMS/cmsy/m/n' tried instead on input line 109.
 [8] [9]) (./sections/results.tex [10] [11] [12]
Underfull \hbox (badness 5637) in paragraph at lines 36--37
[]\OT1/cmr/m/n/12 The com-plex of com-pact and ex-tended radio/X-ray sources, c
alled Kook-
 []

[13] [14] [15]
Underfull \hbox (badness 4072) in paragraph at lines 81--82
[]\OT1/cmr/m/n/12 During the Parkes multi-beam pul-sar sur-vey, [] ([]) dis-cov
-ered
 []

[16] [17]
Underfull \hbox (badness 2951) in paragraph at lines 107--108
[]\OT1/cmr/m/n/12 HESS J1841$\OMS/cmsy/m/n/12 ^^@$\OT1/cmr/m/n/12 055 was dis-c
ov-ered dur-ing the H.E.S.S. Galac-tic Plane Sur-vey
 []

[18] [19] [20] [21] [22]) (./sections/discussion.tex [23] [24] [25])
(./sections/acknowledgements.tex) [26] [27] (./tevcat.bbl [28

] [29] [30]
[31] [32] [33] [34]) (./tables.tex (./tables/TeV_sources_nom_exp.tex
Underfull \hbox (badness 10000) in alignment at lines 2--49
[][][][][][]
 []

Page 1 of table 2 has been set to width 469.75499pt with 49 lines per page 
[35] [36]
Underfull \hbox (badness 10000) in alignment at lines 49--63
[][][][][][]
 []

)
Page 2 of table 2 has been set to width 469.75499pt with 49 lines per page 
[37] (./tables/pulsars.tex
Underfull \hbox (badness 10000) in alignment at lines 2--25
[][][][][]
 []

)
Page 1 of table 3 has been set to width 469.75499pt with 49 lines per page 
[38] (./tables/newsources.tex)
Page 1 of table 4 has been set to width 358.21501pt with 49 lines per page 
[39] (./tables/Morphology_results.tex)
Page 1 of table 5 has been set to width 380.34404pt with 49 lines per page 
[40] (./tables/GeV_morph_sources.tex)
Page 1 of table 6 has been set to width 351.22296pt with 49 lines per page 
[41] (./tables/detected_sources.tex)
Page 1 of table 7 has been set to width 433.18793pt with 49 lines per page 
[42] (./tables/each_energy.tex
Overfull \hbox (5.10626pt too wide) detected at line 34
 [] 
 []

)
Overfull \hbox (5.10626pt too wide) detected at line 98
 [] 
 []

Page 1 of table 8 has been set to width 612.17381pt with 38 lines per page 
[43] (./tables/un_detected_sources.tex)
Page 1 of table 9 has been set to width 304.96866pt with 49 lines per page 
[44] (./tables/undetected_energy_bin.tex
Overfull \hbox (7.058pt too wide) detected at line 33
 [] 
 []

)
Overfull \hbox (7.058pt too wide) detected at line 133
 [] 
 []

Page 1 of table 10 has been set to width 614.12555pt with 38 lines per page 
[45] (./tables/pulsar_comparison.tex)
Page 1 of table 11 has been set to width 394.00362pt with 49 lines per page 
[46] (./tables/table_luminosity.tex)
Underfull \vbox (badness 10000) detected at line 178
 []

Page 1 of table 12 has been set to width 404.03848pt with 49 lines per page 
[47] [48















] (./tables/table_luminosity_2.tex
Overfull \hbox (41.43863pt too wide) detected at line 42
 [] 
 []

)
Underfull \hbox (badness 1308) in paragraph at lines 198--198
\OT1/cmr/m/n/8 ([]), (5) [] ([]), (6) [] ([]), (7) [] ([]), (8) [] ([]), (9)
 []


Overfull \hbox (41.43863pt too wide) detected at line 198
 [] 
 []

Page 1 of table 13 has been set to width 511.19362pt with 49 lines per page 
[49] (./tables/Epeak.tex)
Page 1 of table 14 has been set to width 278.4311pt with 49 lines per page 
) (./figures.tex
File: figures/Plan_gal.eps Graphic file (type eps)
 <figures/Plan_gal.eps>
File: figures/HESSJ1303m631.eps Graphic file (type eps)
 <figures/HESSJ1303m631.eps>

LaTeX Warning: `!h' float specifier changed to `!ht'.

File: figures/out_errorbar_best_fit.eps Graphic file (type eps)
<figures/out_errorbar_best_fit.eps>

LaTeX Warning: `!h' float specifier changed to `!ht'.

File: figures/index_vs_size.eps Graphic file (type eps)
<figures/index_vs_size.eps>

LaTeX Warning: `!h' float specifier changed to `!ht'.

File: figures/HESSJ1708.eps Graphic file (type eps)
<figures/HESSJ1708.eps>
File: figures/MGROJ0632.eps Graphic file (type eps)
 <figures/MGROJ0632.eps>
File: figures/MGROJ1908.eps Graphic file (type eps)
 <figures/MGROJ1908.eps>
File: figures/MGROJ201937.eps Graphic file (type eps)

<figures/MGROJ201937.eps>
File: figures/MGROJ2228.eps Graphic file (type eps)
 <figures/MGROJ2228.eps>
File: figures/VERJ0006.eps Graphic file (type eps)
 <figures/VERJ0006.eps>

LaTeX Warning: Float too large for page by 69.2343pt on input line 64.


LaTeX Warning: `!h' float specifier changed to `!ht'.

File: figures/HESSJ1018.eps Graphic file (type eps)
<figures/HESSJ1018.eps>
File: figures/HESSJ1023.eps Graphic file (type eps)
 <figures/HESSJ1023.eps>
File: figures/HESSJ1418.eps Graphic file (type eps)
 <figures/HESSJ1418.eps>
File: figures/HESSJ1718.eps Graphic file (type eps)

<figures/HESSJ1718.eps>

LaTeX Warning: `!h' float specifier changed to `!ht'.

File: figures/HESSJ1804.eps Graphic file (type eps)
<figures/HESSJ1804.eps>
File: figures/HESSJ1833.eps Graphic file (type eps)
 <figures/HESSJ1833.eps>
File: figures/MGROJ0631.eps Graphic file (type eps)
 <figures/MGROJ0631.eps>
File: figures/MGROJ1958.eps Graphic file (type eps)

<figures/MGROJ1958.eps>

LaTeX Warning: `!h' float specifier changed to `!ht'.

[50



] [51] [52] [53] [54] [55] [56] [57]
File: figures/K310GeV.eps Graphic file (type eps)
 <figures/K310GeV.eps>
File: figures/K330GeV.eps Graphic file (type eps)

<figures/K330GeV.eps> [58

]
File: figures/HESSJ1420.eps Graphic file (type eps)
 <figures/HESSJ1420.eps>
File: figures/HESSJ1356.eps Graphic file (type eps)
 <figures/HESSJ1356.eps>

LaTeX Warning: `!h' float specifier changed to `!ht'.

File: figures/HESSJ1119.eps Graphic file (type eps)
<figures/HESSJ1119.eps>

LaTeX Warning: `!h' float specifier changed to `!ht'.

File: figures/HESSJ1303631.eps Graphic file (type eps)
<figures/HESSJ1303631.eps>

LaTeX Warning: `!h' float specifier changed to `!ht'.

File: figures/HESSJ1841055.eps Graphic file (type eps)
<figures/HESSJ1841055.eps>

LaTeX Warning: `!h' float specifier changed to `!ht'.

File: figures/HESSJ1848018.eps Graphic file (type eps)
<figures/HESSJ1848018.eps>

LaTeX Warning: `!h' float specifier changed to `!ht'.

File: figures/HESSJ1026.eps Graphic file (type eps)
<figures/HESSJ1026.eps>

LaTeX Warning: `!h' float specifier changed to `!ht'.

File: figures/HESSJ1458.eps Graphic file (type eps)
<figures/HESSJ1458.eps>

LaTeX Warning: `!h' float specifier changed to `!ht'.

File: figures/HESSJ1626.eps Graphic file (type eps)
<figures/HESSJ1626.eps>

LaTeX Warning: `!h' float specifier changed to `!ht'.

File: figures/HESSJ1813178PWN.eps Graphic file (type eps)
<figures/HESSJ1813178PWN.eps>
File: figures/HESSJ1813178SNR.eps Graphic file (type eps)
 <figures/HESSJ1813178SNR.eps>

LaTeX Warning: `!h' float specifier changed to `!ht'.

[59

] [60] [61] [62] [63] [64] [65] [66]
File: figures/Gamma_GeV_Gamma_TeV.eps Graphic file (type eps)
 <figures/Gamma_GeV_Gamma_TeV.eps>
File: figures/E_cut_vs_TeV.eps Graphic file (type eps)

<figures/E_cut_vs_TeV.eps>

LaTeX Warning: `!h' float specifier changed to `!ht'.

File: figures/E_cut_vs_age.eps Graphic file (type eps)
<figures/E_cut_vs_age.eps>

LaTeX Warning: `!h' float specifier changed to `!ht'.

[67

]

LaTeX Warning: Text page 68 contains only floats.

[68]
File: figures/rapport_TeV.eps Graphic file (type eps)
 <figures/rapport_TeV.eps>
File: figures/carrerouge.eps Graphic file (type eps)
 <figures/carrerouge.eps>
File: figures/rondmagenta.eps Graphic file (type eps)

<figures/rondmagenta.eps>
File: figures/pentagonevert.eps Graphic file (type eps)
 <figures/pentagonevert.eps>
File: figures/etoilebleue.eps Graphic file (type eps)

<figures/etoilebleue.eps> [69

]
File: figures/rapport_X.eps Graphic file (type eps)
 <figures/rapport_X.eps>
File: figures/carrerouge.eps Graphic file (type eps)

<figures/carrerouge.eps>
File: figures/rondmagenta.eps Graphic file (type eps)
 <figures/rondmagenta.eps>
File: figures/pentagonevert.eps Graphic file (type eps)
 <figures/pentagonevert.eps>
File: figures/etoilebleue.eps Graphic file (type eps)

<figures/etoilebleue.eps> [70

]
File: figures/dotelpwn.eps Graphic file (type eps)
 <figures/dotelpwn.eps>
Overfull \hbox (32.12001pt too wide) in paragraph at lines 250--252
 [][] 
 []

File: figures/carrerouge.eps Graphic file (type eps)
<figures/carrerouge.eps>
File: figures/rondmagenta.eps Graphic file (type eps)
 <figures/rondmagenta.eps>
File: figures/pentagonevert.eps Graphic file (type eps)
 <figures/pentagonevert.eps>
File: figures/etoilebleue.eps Graphic file (type eps)

<figures/etoilebleue.eps> [71

]) (./tevcat.aux) ) 
Here is how much of TeX's memory you used:
 5017 strings out of 94501
 70523 string characters out of 1175158
 277698 words of memory out of 1000000
 7995 multiletter control sequences out of 10000+50000
 13898 words of font info for 59 fonts, out of 500000 for 2000
 580 hyphenation exceptions out of 1000
 32i,16n,38p,2419b,581s stack positions out of 1500i,500n,5000p,200000b,10000s

Output written on tevcat.dvi (71 pages, 455052 bytes).
